<?xml version="1.0" encoding="UTF-8"?>
<!-- Generated by org.testng.reporters.JUnitXMLReporter -->
<testsuite hostname="MONA" ignored="0" name="Demo2" tests="3" failures="0" timestamp="2021-02-23T22:08:12 IST" time="78.28" errors="0">
  <testcase name="sampletest" time="15.115" classname="MavenProject.SampleTest1"/>
  <testcase name="GetTitle" time="49.687" classname="MavenProject.SampleTest2"/>
  <testcase name="sampletest" time="13.353" classname="MavenProject.SampleTest3"/>
</testsuite> <!-- Demo2 -->
