<?xml version="1.0" encoding="UTF-8"?>
<!-- Generated by org.testng.reporters.JUnitXMLReporter -->
<testsuite hostname="MONA" ignored="0" name="Command line test" tests="3" failures="0" timestamp="2021-02-24T22:16:53 IST" time="78.234" errors="0">
  <testcase name="sampletest" time="12.168" classname="MavenProject.Sample1Test"/>
  <testcase name="GetTitle" time="52.663" classname="MavenProject.Sample2Test"/>
  <testcase name="sampletest" time="13.278" classname="MavenProject.Sample3Test"/>
</testsuite> <!-- Command line test -->
