<?xml version="1.0" encoding="UTF-8"?>
<!-- Generated by org.testng.reporters.JUnitXMLReporter -->
<testsuite hostname="MONA" ignored="0" name="Demo" tests="3" failures="0" timestamp="2021-02-24T22:28:36 IST" time="58.633" errors="0">
  <testcase name="sampletest" time="21.764" classname="MavenProject.Sample1Test"/>
  <testcase name="GetTitle" time="26.867" classname="MavenProject.Sample2Test"/>
  <testcase name="sampletest" time="9.851" classname="MavenProject.Sample3Test"/>
</testsuite> <!-- Demo -->
