<?xml version="1.0" encoding="UTF-8"?>
<testng-results skipped="0" failed="0" ignored="0" total="3" passed="3">
  <reporter-output>
  </reporter-output>
  <suite name="Suite1" duration-ms="58633" started-at="2021-02-24T22:27:37 IST" finished-at="2021-02-24T22:28:36 IST">
    <groups>
    </groups>
    <test name="Demo" duration-ms="58633" started-at="2021-02-24T22:27:37 IST" finished-at="2021-02-24T22:28:36 IST">
      <class name="MavenProject.Sample3Test">
        <test-method status="PASS" signature="sampletest()[pri:0, instance:MavenProject.Sample3Test@20322d26]" name="sampletest" duration-ms="9851" started-at="2021-02-24T22:28:26 IST" finished-at="2021-02-24T22:28:36 IST">
          <reporter-output>
          </reporter-output>
        </test-method> <!-- sampletest -->
      </class> <!-- MavenProject.Sample3Test -->
      <class name="MavenProject.Sample2Test">
        <test-method status="PASS" signature="GetTitle()[pri:0, instance:MavenProject.Sample2Test@49993335]" name="GetTitle" duration-ms="26867" started-at="2021-02-24T22:27:59 IST" finished-at="2021-02-24T22:28:26 IST">
          <reporter-output>
          </reporter-output>
        </test-method> <!-- GetTitle -->
      </class> <!-- MavenProject.Sample2Test -->
      <class name="MavenProject.Sample1Test">
        <test-method status="PASS" signature="sampletest()[pri:0, instance:MavenProject.Sample1Test@5025a98f]" name="sampletest" duration-ms="21764" started-at="2021-02-24T22:27:37 IST" finished-at="2021-02-24T22:27:59 IST">
          <reporter-output>
          </reporter-output>
        </test-method> <!-- sampletest -->
      </class> <!-- MavenProject.Sample1Test -->
    </test> <!-- Demo -->
  </suite> <!-- Suite1 -->
</testng-results>
